2024-01-19 00:20:00,651 [INFO] Activator:176 - 


2024-01-19 00:20:00,653 [INFO] Activator:177 - !SESSION log4j initialized
2024-01-19 00:20:03,113 [INFO] LogOutputStream:77 - [STDOUT_REDIRECT] 
2024-01-19 00:20:05,817 [INFO] ApplicationProperties:184 - Using Application install path: C:\ST\STM32CubeIDE_1.14.0\STM32CubeIDE\plugins\com.st.stm32cube.common.mx_6.10.0.202311202037
2024-01-19 00:20:05,838 [INFO] DbMcusXml:78 - Set database path to: C:\ST\STM32CubeIDE_1.14.0\STM32CubeIDE\plugins\com.st.stm32cube.common.mx_6.10.0.202311202037\\db\/mcu/
2024-01-19 00:20:05,838 [INFO] ApiDb:274 - Set plugin database path to: C:\ST\STM32CubeIDE_1.14.0\STM32CubeIDE\plugins\com.st.stm32cube.common.mx_6.10.0.202311202037\\db\/plugins/boardmanager/
2024-01-19 00:20:05,839 [WARN] ApiDb:259 - Overriding images path with different value:  => C:\ST\STM32CubeIDE_1.14.0\STM32CubeIDE\plugins\com.st.stm32cube.common.mx_6.10.0.202311202037\\db\/plugins/mcufinder/images/
2024-01-19 00:20:05,849 [INFO] ApiDb:250 - Set database path to: C:\Users\ravis\.stmcufinder\plugins\mcufinder//mcu/
2024-01-19 00:20:05,851 [INFO] DbMcusAds:125 - Set database path to: C:\Users\ravis\.stmcufinder\plugins\mcufinder//mcu/
2024-01-19 00:20:05,853 [INFO] CrossReferenceDbSqlite:203 - Set database path to: C:\Users\ravis\.stmcufinder\plugins\mcufinder//mcu/cs/
2024-01-19 00:20:06,002 [INFO] RulesReader:64 - Compatibility file has been processed (297 Rules)
2024-01-19 00:20:06,121 [INFO] DbMcusXml:78 - Set database path to: C:\ST\STM32CubeIDE_1.14.0\STM32CubeIDE\plugins\com.st.stm32cube.common.mx_6.10.0.202311202037\\db\/mcu/
2024-01-19 00:20:06,121 [INFO] ApiDb:274 - Set plugin database path to: C:\ST\STM32CubeIDE_1.14.0\STM32CubeIDE\plugins\com.st.stm32cube.common.mx_6.10.0.202311202037\\db\/plugins/boardmanager/
2024-01-19 00:20:06,121 [INFO] ApiDb:261 - Set plugin images path to: C:\ST\STM32CubeIDE_1.14.0\STM32CubeIDE\plugins\com.st.stm32cube.common.mx_6.10.0.202311202037\\db\/plugins/mcufinder/images/
2024-01-19 00:20:06,122 [WARN] DbFile:41 - Overriding database path with different value: C:\Users\ravis\.stmcufinder\plugins\mcufinder/ => C:\Users\ravis\.stmcufinder\plugins\mcufinder
2024-01-19 00:20:06,122 [INFO] ApiDb:250 - Set database path to: C:\Users\ravis\.stmcufinder\plugins\mcufinder//mcu/
2024-01-19 00:20:06,122 [WARN] DbFile:41 - Overriding database path with different value: C:\Users\ravis\.stmcufinder\plugins\mcufinder/ => C:\Users\ravis\.stmcufinder\plugins\mcufinder
2024-01-19 00:20:06,122 [INFO] DbMcusAds:125 - Set database path to: C:\Users\ravis\.stmcufinder\plugins\mcufinder//mcu/
2024-01-19 00:20:06,122 [WARN] DbFile:41 - Overriding database path with different value: C:\Users\ravis\.stmcufinder\plugins\mcufinder/ => C:\Users\ravis\.stmcufinder\plugins\mcufinder
2024-01-19 00:20:06,122 [WARN] DbFile:41 - Overriding database path with different value: C:\Users\ravis\.stmcufinder\plugins\mcufinder/ => C:\Users\ravis\.stmcufinder\plugins\mcufinder
2024-01-19 00:20:06,122 [INFO] CrossReferenceDbSqlite:203 - Set database path to: C:\Users\ravis\.stmcufinder\plugins\mcufinder//mcu/cs/
2024-01-19 00:20:06,227 [INFO] MainPanel:264 - HeapMemory: 268435456
2024-01-19 00:20:06,309 [INFO] DbMcusXml:78 - Set database path to: C:\ST\STM32CubeIDE_1.14.0\STM32CubeIDE\plugins\com.st.stm32cube.common.mx_6.10.0.202311202037\\db\/mcu/
2024-01-19 00:20:06,309 [INFO] ApiDb:274 - Set plugin database path to: C:\ST\STM32CubeIDE_1.14.0\STM32CubeIDE\plugins\com.st.stm32cube.common.mx_6.10.0.202311202037\\db\/plugins/boardmanager/
2024-01-19 00:20:06,309 [INFO] ApiDb:261 - Set plugin images path to: C:\ST\STM32CubeIDE_1.14.0\STM32CubeIDE\plugins\com.st.stm32cube.common.mx_6.10.0.202311202037\\db\/plugins/mcufinder/images/
2024-01-19 00:20:06,310 [WARN] DbFile:41 - Overriding database path with different value: C:\Users\ravis\.stmcufinder\plugins\mcufinder/ => C:\Users\ravis\.stmcufinder\plugins\mcufinder
2024-01-19 00:20:06,310 [INFO] ApiDb:250 - Set database path to: C:\Users\ravis\.stmcufinder\plugins\mcufinder//mcu/
2024-01-19 00:20:06,310 [WARN] DbFile:41 - Overriding database path with different value: C:\Users\ravis\.stmcufinder\plugins\mcufinder/ => C:\Users\ravis\.stmcufinder\plugins\mcufinder
2024-01-19 00:20:06,310 [INFO] DbMcusAds:125 - Set database path to: C:\Users\ravis\.stmcufinder\plugins\mcufinder//mcu/
2024-01-19 00:20:06,310 [WARN] DbFile:41 - Overriding database path with different value: C:\Users\ravis\.stmcufinder\plugins\mcufinder/ => C:\Users\ravis\.stmcufinder\plugins\mcufinder
2024-01-19 00:20:06,310 [WARN] DbFile:41 - Overriding database path with different value: C:\Users\ravis\.stmcufinder\plugins\mcufinder/ => C:\Users\ravis\.stmcufinder\plugins\mcufinder
2024-01-19 00:20:06,310 [INFO] CrossReferenceDbSqlite:203 - Set database path to: C:\Users\ravis\.stmcufinder\plugins\mcufinder//mcu/cs/
2024-01-19 00:20:06,327 [INFO] ApplicationProperties:184 - Using Application install path: C:\ST\STM32CubeIDE_1.14.0\STM32CubeIDE\plugins\com.st.stm32cube.common.mx_6.10.0.202311202037
2024-01-19 00:20:06,328 [INFO] PluginManage:196 - Search for loadable plugins [exclusion list=, ]
2024-01-19 00:20:06,329 [INFO] PluginManage:310 - Check plugin analytics
2024-01-19 00:20:06,523 [INFO] AnalyticsPlugin:253 - Accepted Software Licenses: 
2024-01-19 00:20:06,524 [INFO] AnalyticsPlugin:255 - Accepted CMSIS Pack Licenses: 
2024-01-19 00:20:06,524 [INFO] AnalyticsPlugin:257 - Accepted Firmware Licenses: FW.F4.1.28.0
2024-01-19 00:20:06,528 [INFO] PluginManage:359 - Loaded plugin analytics (category:tool,tabindex:-1)
2024-01-19 00:20:06,528 [INFO] PluginManage:310 - Check plugin cadmodel
2024-01-19 00:20:06,543 [INFO] CADModel:105 - Init CAD model plugin
2024-01-19 00:20:06,544 [INFO] PluginManage:359 - Loaded plugin cadmodel (category:power,tabindex:5)
2024-01-19 00:20:06,544 [INFO] PluginManage:310 - Check plugin clock
2024-01-19 00:20:06,567 [INFO] PluginManage:359 - Loaded plugin clock (category:base,tabindex:2)
2024-01-19 00:20:06,567 [INFO] PluginManage:310 - Check plugin ddr
2024-01-19 00:20:06,569 [INFO] PluginManage:359 - Loaded plugin ddr (category:tool,tabindex:6)
2024-01-19 00:20:06,570 [INFO] PluginManage:310 - Check plugin filemanager
2024-01-19 00:20:06,739 [INFO] PluginManage:359 - Loaded plugin filemanager (category:base,tabindex:10)
2024-01-19 00:20:06,739 [INFO] PluginManage:310 - Check plugin ipmanager
2024-01-19 00:20:06,747 [INFO] PluginManage:359 - Loaded plugin ipmanager (category:base,tabindex:5)
2024-01-19 00:20:06,747 [INFO] PluginManage:310 - Check plugin lpbam
2024-01-19 00:20:06,762 [INFO] PluginManage:359 - Loaded plugin lpbam (category:base,tabindex:0)
2024-01-19 00:20:06,762 [INFO] PluginManage:310 - Check plugin memorymap
2024-01-19 00:20:06,783 [INFO] PluginManage:359 - Loaded plugin memorymap (category:base,tabindex:4)
2024-01-19 00:20:06,783 [INFO] PluginManage:310 - Check plugin pinoutandconfiguration
2024-01-19 00:20:06,797 [INFO] PluginManage:359 - Loaded plugin pinoutandconfiguration (category:base,tabindex:1)
2024-01-19 00:20:06,798 [INFO] PluginManage:310 - Check plugin pinoutconfig
2024-01-19 00:20:06,885 [WARN] SupportedApi:132 - Cannot load RTOS API schema: s4s-elt-must-match.1: The content of 'definitions' must match (annotation?, (simpleType | complexType)?, (unique | key | keyref)*)). A problem was found starting at: attribute.
2024-01-19 00:20:07,086 [INFO] PluginManage:359 - Loaded plugin pinoutconfig (category:base,tabindex:0)
2024-01-19 00:20:07,086 [INFO] PluginManage:310 - Check plugin power
2024-01-19 00:20:07,108 [INFO] PluginManage:359 - Loaded plugin power (category:power,tabindex:4)
2024-01-19 00:20:07,109 [INFO] PluginManage:310 - Check plugin projectmanager
2024-01-19 00:20:07,130 [INFO] PluginManage:359 - Loaded plugin projectmanager (category:projectmanager,tabindex:3)
2024-01-19 00:20:07,130 [INFO] PluginManage:310 - Check plugin thirdparty
2024-01-19 00:20:07,395 [INFO] PluginManage:359 - Loaded plugin thirdparty (category:base,tabindex:-1)
2024-01-19 00:20:07,395 [INFO] PluginManage:310 - Check plugin tools
2024-01-19 00:20:07,395 [WARN] IntegrityCheckThread:84 - waiting for thirdparty lock release [integrity check]
2024-01-19 00:20:07,396 [INFO] IntegrityCheckThread:86 - entering critical section [integrity check]
2024-01-19 00:20:07,397 [INFO] ThirdPartyUpdaterWithRetryManager:70 - Updater plugin not ready yet. [1/15]
2024-01-19 00:20:07,432 [INFO] PluginManage:359 - Loaded plugin tools (category:base,tabindex:7)
2024-01-19 00:20:07,432 [INFO] PluginManage:310 - Check plugin tutovideos
2024-01-19 00:20:07,603 [INFO] PluginManage:359 - Loaded plugin tutovideos (category:base,tabindex:-1)
2024-01-19 00:20:07,604 [INFO] PluginManage:310 - Check plugin updater
2024-01-19 00:20:07,617 [INFO] PluginManage:359 - Loaded plugin updater (category:base,tabindex:12)
2024-01-19 00:20:07,617 [INFO] PluginManage:310 - Check plugin userauth
2024-01-19 00:20:07,623 [INFO] UserAuth:114 - Init User Auth plugin
2024-01-19 00:20:07,623 [INFO] PluginManage:359 - Loaded plugin userauth (category:base,tabindex:14)
2024-01-19 00:20:07,624 [INFO] PluginManage:283 - PluginManage : Loaded plugins [17]
2024-01-19 00:20:07,859 [INFO] PinOutPanel:1499 - setPackage(No Configuration,No Configuration)
2024-01-19 00:20:07,998 [INFO] CADModel:165 - CPN selected for project level
2024-01-19 00:20:07,998 [INFO] CADModel:114 - Register for checkConnection events
2024-01-19 00:20:08,037 [INFO] IPUIPlugin:80 - create IPUIPlugin
2024-01-19 00:20:08,038 [INFO] PluginManager:220 - loadIPPluginJar : add adc
2024-01-19 00:20:08,098 [INFO] IPUIPlugin:80 - create IPUIPlugin
2024-01-19 00:20:08,098 [INFO] PluginManager:220 - loadIPPluginJar : add aes
2024-01-19 00:20:08,143 [INFO] IPUIPlugin:80 - create IPUIPlugin
2024-01-19 00:20:08,143 [INFO] PluginManager:220 - loadIPPluginJar : add can
2024-01-19 00:20:08,164 [INFO] IPUIPlugin:80 - create IPUIPlugin
2024-01-19 00:20:08,164 [INFO] PluginManager:220 - loadIPPluginJar : add comp
2024-01-19 00:20:08,194 [INFO] IPUIPlugin:80 - create IPUIPlugin
2024-01-19 00:20:08,194 [INFO] PluginManager:220 - loadIPPluginJar : add cryp
2024-01-19 00:20:08,218 [INFO] IPUIPlugin:80 - create IPUIPlugin
2024-01-19 00:20:08,219 [INFO] PluginManager:220 - loadIPPluginJar : add dfsdm
2024-01-19 00:20:08,231 [INFO] IPUIPlugin:80 - create IPUIPlugin
2024-01-19 00:20:08,231 [INFO] PluginManager:220 - loadIPPluginJar : add dma
2024-01-19 00:20:08,268 [INFO] IPUIPlugin:80 - create IPUIPlugin
2024-01-19 00:20:08,268 [INFO] PluginManager:220 - loadIPPluginJar : add dma3
2024-01-19 00:20:08,285 [INFO] IPUIPlugin:80 - create IPUIPlugin
2024-01-19 00:20:08,285 [INFO] PluginManager:220 - loadIPPluginJar : add fatfs
2024-01-19 00:20:08,329 [INFO] IPUIPlugin:80 - create IPUIPlugin
2024-01-19 00:20:08,329 [INFO] PluginManager:220 - loadIPPluginJar : add fmc
2024-01-19 00:20:08,343 [INFO] IPUIPlugin:80 - create IPUIPlugin
2024-01-19 00:20:08,343 [INFO] PluginManager:220 - loadIPPluginJar : add freertos
2024-01-19 00:20:08,360 [INFO] IPUIPlugin:80 - create IPUIPlugin
2024-01-19 00:20:08,360 [INFO] PluginManager:220 - loadIPPluginJar : add genericplugin
2024-01-19 00:20:08,448 [INFO] IPUIPlugin:80 - create IPUIPlugin
2024-01-19 00:20:08,448 [INFO] PluginManager:220 - loadIPPluginJar : add gfxmmu
2024-01-19 00:20:08,571 [INFO] IPUIPlugin:80 - create IPUIPlugin
2024-01-19 00:20:08,571 [INFO] PluginManager:220 - loadIPPluginJar : add gic
2024-01-19 00:20:08,581 [INFO] IPUIPlugin:80 - create IPUIPlugin
2024-01-19 00:20:08,581 [INFO] PluginManager:220 - loadIPPluginJar : add gpio
2024-01-19 00:20:08,666 [INFO] IPUIPlugin:80 - create IPUIPlugin
2024-01-19 00:20:08,667 [INFO] PluginManager:220 - loadIPPluginJar : add gtzc
2024-01-19 00:20:08,697 [INFO] IPUIPlugin:80 - create IPUIPlugin
2024-01-19 00:20:08,697 [INFO] PluginManager:220 - loadIPPluginJar : add hash
2024-01-19 00:20:08,745 [INFO] IPUIPlugin:80 - create IPUIPlugin
2024-01-19 00:20:08,745 [INFO] PluginManager:220 - loadIPPluginJar : add i2c
2024-01-19 00:20:08,781 [INFO] IPUIPlugin:80 - create IPUIPlugin
2024-01-19 00:20:08,781 [INFO] PluginManager:220 - loadIPPluginJar : add i2s
2024-01-19 00:20:08,819 [INFO] IPUIPlugin:80 - create IPUIPlugin
2024-01-19 00:20:08,820 [INFO] PluginManager:220 - loadIPPluginJar : add i3c
2024-01-19 00:20:08,922 [INFO] IPUIPlugin:80 - create IPUIPlugin
2024-01-19 00:20:08,922 [INFO] PluginManager:220 - loadIPPluginJar : add ipddr
2024-01-19 00:20:08,999 [INFO] IPUIPlugin:80 - create IPUIPlugin
2024-01-19 00:20:08,999 [INFO] PluginManager:220 - loadIPPluginJar : add linkedlist
2024-01-19 00:20:09,030 [INFO] IPUIPlugin:80 - create IPUIPlugin
2024-01-19 00:20:09,030 [INFO] PluginManager:220 - loadIPPluginJar : add lorawan
2024-01-19 00:20:09,063 [INFO] IPUIPlugin:80 - create IPUIPlugin
2024-01-19 00:20:09,063 [INFO] PluginManager:220 - loadIPPluginJar : add ltdc
2024-01-19 00:20:09,075 [INFO] IPUIPlugin:80 - create IPUIPlugin
2024-01-19 00:20:09,075 [INFO] PluginManager:220 - loadIPPluginJar : add mdma
2024-01-19 00:20:09,084 [INFO] IPUIPlugin:80 - create IPUIPlugin
2024-01-19 00:20:09,084 [INFO] PluginManager:220 - loadIPPluginJar : add nvic
2024-01-19 00:20:09,112 [INFO] IPUIPlugin:80 - create IPUIPlugin
2024-01-19 00:20:09,112 [INFO] PluginManager:220 - loadIPPluginJar : add opamp
2024-01-19 00:20:09,164 [INFO] IPUIPlugin:80 - create IPUIPlugin
2024-01-19 00:20:09,164 [INFO] PluginManager:220 - loadIPPluginJar : add openamp
2024-01-19 00:20:09,202 [INFO] IPUIPlugin:80 - create IPUIPlugin
2024-01-19 00:20:09,202 [INFO] PluginManager:220 - loadIPPluginJar : add pdm2pcm
2024-01-19 00:20:09,214 [INFO] IPUIPlugin:80 - create IPUIPlugin
2024-01-19 00:20:09,216 [INFO] PluginManager:220 - loadIPPluginJar : add plateformsettings
2024-01-19 00:20:09,236 [INFO] IPUIPlugin:80 - create IPUIPlugin
2024-01-19 00:20:09,236 [INFO] PluginManager:220 - loadIPPluginJar : add quadspi
2024-01-19 00:20:09,249 [INFO] IPUIPlugin:80 - create IPUIPlugin
2024-01-19 00:20:09,249 [INFO] PluginManager:220 - loadIPPluginJar : add resmgrutility
2024-01-19 00:20:09,313 [INFO] IPUIPlugin:80 - create IPUIPlugin
2024-01-19 00:20:09,314 [INFO] PluginManager:220 - loadIPPluginJar : add sai
2024-01-19 00:20:09,369 [INFO] IPUIPlugin:80 - create IPUIPlugin
2024-01-19 00:20:09,369 [INFO] PluginManager:220 - loadIPPluginJar : add spi
2024-01-19 00:20:09,460 [INFO] IPUIPlugin:80 - create IPUIPlugin
2024-01-19 00:20:09,461 [INFO] PluginManager:220 - loadIPPluginJar : add stm32_wpan
2024-01-19 00:20:09,491 [INFO] IPUIPlugin:80 - create IPUIPlugin
2024-01-19 00:20:09,492 [INFO] PluginManager:220 - loadIPPluginJar : add tim
2024-01-19 00:20:09,568 [INFO] IPUIPlugin:80 - create IPUIPlugin
2024-01-19 00:20:09,568 [INFO] PluginManager:220 - loadIPPluginJar : add touchsensing
2024-01-19 00:20:09,606 [INFO] IPUIPlugin:80 - create IPUIPlugin
2024-01-19 00:20:09,607 [INFO] PluginManager:220 - loadIPPluginJar : add tracer_emb
2024-01-19 00:20:09,647 [INFO] IPUIPlugin:80 - create IPUIPlugin
2024-01-19 00:20:09,647 [INFO] PluginManager:220 - loadIPPluginJar : add ts
2024-01-19 00:20:09,680 [INFO] IPUIPlugin:80 - create IPUIPlugin
2024-01-19 00:20:09,680 [INFO] PluginManager:220 - loadIPPluginJar : add tsc
2024-01-19 00:20:09,726 [INFO] IPUIPlugin:80 - create IPUIPlugin
2024-01-19 00:20:09,726 [INFO] PluginManager:220 - loadIPPluginJar : add ucpd
2024-01-19 00:20:09,800 [INFO] IPUIPlugin:80 - create IPUIPlugin
2024-01-19 00:20:09,800 [INFO] PluginManager:220 - loadIPPluginJar : add usart
2024-01-19 00:20:09,876 [INFO] IPUIPlugin:80 - create IPUIPlugin
2024-01-19 00:20:09,876 [INFO] PluginManager:220 - loadIPPluginJar : add usbx
2024-01-19 00:20:10,084 [INFO] CADModel:165 - CPN selected for project level
2024-01-19 00:20:10,084 [INFO] CADModel:114 - Register for checkConnection events
2024-01-19 00:20:10,084 [FATAL] Updater:308 - Updater called before beeing initialized
2024-01-19 00:20:10,084 [ERROR] CADModel:125 - Updater not yet initialized, retry later 
2024-01-19 00:20:10,267 [INFO] CADModel:165 - CPN selected for project level
2024-01-19 00:20:10,267 [INFO] CADModel:114 - Register for checkConnection events
2024-01-19 00:20:10,268 [FATAL] Updater:308 - Updater called before beeing initialized
2024-01-19 00:20:10,268 [ERROR] CADModel:125 - Updater not yet initialized, retry later 
2024-01-19 00:20:10,271 [FATAL] Updater:308 - Updater called before beeing initialized
2024-01-19 00:20:10,397 [INFO] ThirdPartyUpdaterWithRetryManager:70 - Updater plugin not ready yet. [2/15]
2024-01-19 00:20:10,424 [FATAL] Updater:308 - Updater called before beeing initialized
2024-01-19 00:20:10,431 [INFO] DbMcusAds:53 - JSON generation date=Wed Nov 29 16:22:27 IST 2023 (1701255147349)
2024-01-19 00:20:10,431 [FATAL] Updater:308 - Updater called before beeing initialized
2024-01-19 00:20:10,513 [WARN] DetailPanel:346 - Failed to get advertising image, set to default
2024-01-19 00:20:10,673 [FATAL] Updater:308 - Updater called before beeing initialized
2024-01-19 00:20:10,676 [FATAL] Updater:308 - Updater called before beeing initialized
2024-01-19 00:20:10,676 [FATAL] Updater:308 - Updater called before beeing initialized
2024-01-19 00:20:10,677 [WARN] DetailPanel:346 - Failed to get advertising image, set to default
2024-01-19 00:20:10,678 [FATAL] Updater:308 - Updater called before beeing initialized
2024-01-19 00:20:10,773 [ERROR] Updater:1120 - MainUpdater not yet initialized. External WinMGr cannot be set.
2024-01-19 00:20:10,790 [INFO] Updater:1056 - Updater Version found : 6.10.0
2024-01-19 00:20:10,813 [INFO] ApplicationProperties:184 - Using Application install path: C:\ST\STM32CubeIDE_1.14.0\STM32CubeIDE\plugins\com.st.stm32cube.common.mx_6.10.0.202311202037
